[DEBUG] 02-12-2025 17:26:05 [main] [org.testng.TestNG] - suiteXmlPath: "C:\Users\omar_\AppData\Local\JetBrains\IdeaIC2025.2\temp-testng-customsuite.xml"
[DEBUG] 02-12-2025 17:26:06 [main] [com.jayway.jsonpath.internal.path.CompiledPath] - Evaluating path: $['baseURI']
[TRACE] 02-12-2025 17:26:06 [main] [org.testng.internal.Graph] - [Graph] ADDING NODE AuthenticationTest.setup()[pri:0, instance:null] -374301111
[TRACE] 02-12-2025 17:26:06 [main] [org.testng.internal.Graph] - [Graph] ================ SORTING
[TRACE] 02-12-2025 17:26:06 [main] [org.testng.internal.Graph] - [Graph] =============== DONE SORTING
[TRACE] 02-12-2025 17:26:06 [main] [org.testng.internal.Graph] - [Graph] ====== SORTED NODES
[TRACE] 02-12-2025 17:26:06 [main] [org.testng.internal.Graph] - [Graph] ====== END SORTED NODES
[TRACE] 02-12-2025 17:26:06 [main] [org.testng.internal.Graph] - [Graph] ADDING NODE AuthenticationTest.init()[pri:0, instance:null] -284835482
[TRACE] 02-12-2025 17:26:06 [main] [org.testng.internal.Graph] - [Graph] ================ SORTING
[TRACE] 02-12-2025 17:26:06 [main] [org.testng.internal.Graph] - [Graph] =============== DONE SORTING
[TRACE] 02-12-2025 17:26:06 [main] [org.testng.internal.Graph] - [Graph] ====== SORTED NODES
[TRACE] 02-12-2025 17:26:06 [main] [org.testng.internal.Graph] - [Graph] ====== END SORTED NODES
[TRACE] 02-12-2025 17:26:06 [main] [org.testng.internal.Graph] - [Graph] ADDING NODE AuthenticationTest.invalidPasswordTest(java.lang.String,java.lang.String)[pri:0, instance:Tests.AuthenticationTest@51dbd6e4] 641360850
[TRACE] 02-12-2025 17:26:06 [main] [org.testng.internal.Graph] - [Graph] ================ SORTING
[TRACE] 02-12-2025 17:26:06 [main] [org.testng.internal.Graph] - [Graph] =============== DONE SORTING
[TRACE] 02-12-2025 17:26:06 [main] [org.testng.internal.Graph] - [Graph] ====== SORTED NODES
[TRACE] 02-12-2025 17:26:06 [main] [org.testng.internal.Graph] - [Graph] ====== END SORTED NODES
[INFO] 02-12-2025 17:26:06 [main] [org.testng.internal.Utils] - [TestNG] Running:
  C:\Users\omar_\AppData\Local\JetBrains\IdeaIC2025.2\temp-testng-customsuite.xml

[DEBUG] 02-12-2025 17:26:06 [main] [com.jayway.jsonpath.internal.path.CompiledPath] - Evaluating path: $['authPath']
[DEBUG] 02-12-2025 17:26:06 [main] [com.jayway.jsonpath.internal.path.CompiledPath] - Evaluating path: $['credentials']
[DEBUG] 02-12-2025 17:26:06 [main] [com.jayway.jsonpath.internal.path.CompiledPath] - Evaluating path: $['username']
[DEBUG] 02-12-2025 17:26:06 [main] [com.jayway.jsonpath.internal.path.CompiledPath] - Evaluating path: $['password']
[INFO] 02-12-2025 17:26:09 [main] [resources.LogUtils] - Response for Invalid Password Authentication{"reason":"Bad credentials"}
[ERROR] 02-12-2025 17:26:09 [main] [resources.LogUtils] - ❌ SoftAssert FAILED -> Status code is not 200 | Error: Status code is not 200 did not expect [200] but found [200]
[INFO] 02-12-2025 17:26:09 [main] [resources.LogUtils] - ✔️ SoftAssert PASSED -> Response contains 'Bad credentials'
[INFO] 02-12-2025 17:26:09 [main] [resources.LogUtils] - ✔️ SoftAssert PASSED -> Response time is less than 2000ms
[DEBUG] 02-12-2025 17:26:09 [main] [com.jayway.jsonpath.internal.path.CompiledPath] - Evaluating path: $['username']
[DEBUG] 02-12-2025 17:26:09 [main] [com.jayway.jsonpath.internal.path.CompiledPath] - Evaluating path: $['password']
[INFO] 02-12-2025 17:26:10 [main] [resources.LogUtils] - Response for Invalid Password Authentication{"reason":"Bad credentials"}
[ERROR] 02-12-2025 17:26:10 [main] [resources.LogUtils] - ❌ SoftAssert FAILED -> Status code is not 200 | Error: Status code is not 200 did not expect [200] but found [200]
[INFO] 02-12-2025 17:26:10 [main] [resources.LogUtils] - ✔️ SoftAssert PASSED -> Response contains 'Bad credentials'
[INFO] 02-12-2025 17:26:10 [main] [resources.LogUtils] - ✔️ SoftAssert PASSED -> Response time is less than 2000ms
