[DEBUG] 23-11-2025 09:17:35 [main] [org.testng.TestNG] - suiteXmlPath: "C:\Users\omar_\AppData\Local\JetBrains\IdeaIC2025.2\temp-testng-customsuite.xml"
[TRACE] 23-11-2025 09:17:36 [main] [org.testng.internal.Graph] - [Graph] ADDING NODE AuthenticationTest.setup()[pri:0, instance:null] -374301111
[TRACE] 23-11-2025 09:17:36 [main] [org.testng.internal.Graph] - [Graph] ================ SORTING
[TRACE] 23-11-2025 09:17:36 [main] [org.testng.internal.Graph] - [Graph] =============== DONE SORTING
[TRACE] 23-11-2025 09:17:36 [main] [org.testng.internal.Graph] - [Graph] ====== SORTED NODES
[TRACE] 23-11-2025 09:17:36 [main] [org.testng.internal.Graph] - [Graph] ====== END SORTED NODES
[TRACE] 23-11-2025 09:17:36 [main] [org.testng.internal.Graph] - [Graph] ADDING NODE AuthenticationTest.init()[pri:0, instance:null] -284835482
[TRACE] 23-11-2025 09:17:36 [main] [org.testng.internal.Graph] - [Graph] ================ SORTING
[TRACE] 23-11-2025 09:17:36 [main] [org.testng.internal.Graph] - [Graph] =============== DONE SORTING
[TRACE] 23-11-2025 09:17:36 [main] [org.testng.internal.Graph] - [Graph] ====== SORTED NODES
[TRACE] 23-11-2025 09:17:36 [main] [org.testng.internal.Graph] - [Graph] ====== END SORTED NODES
[TRACE] 23-11-2025 09:17:36 [main] [org.testng.internal.Graph] - [Graph] ADDING NODE AuthenticationTest.invalidPasswordTest()[pri:0, instance:Tests.AuthenticationTest@29be7749] -31652809
[TRACE] 23-11-2025 09:17:36 [main] [org.testng.internal.Graph] - [Graph] ADDING NODE AuthenticationTest.invalidUsernameTest()[pri:0, instance:Tests.AuthenticationTest@29be7749] -522457662
[TRACE] 23-11-2025 09:17:36 [main] [org.testng.internal.Graph] - [Graph] ADDING NODE AuthenticationTest.validAuthenticationTest()[pri:0, instance:Tests.AuthenticationTest@29be7749] -327303911
[TRACE] 23-11-2025 09:17:36 [main] [org.testng.internal.Graph] - [Graph] ================ SORTING
[TRACE] 23-11-2025 09:17:36 [main] [org.testng.internal.Graph] - [Graph] =============== DONE SORTING
[TRACE] 23-11-2025 09:17:36 [main] [org.testng.internal.Graph] - [Graph] ====== SORTED NODES
[TRACE] 23-11-2025 09:17:36 [main] [org.testng.internal.Graph] - [Graph] ====== END SORTED NODES
[INFO] 23-11-2025 09:17:36 [main] [org.testng.internal.Utils] - [TestNG] Running:
  C:\Users\omar_\AppData\Local\JetBrains\IdeaIC2025.2\temp-testng-customsuite.xml

[DEBUG] 23-11-2025 09:17:36 [main] [com.jayway.jsonpath.internal.path.CompiledPath] - Evaluating path: $['authPath']
[DEBUG] 23-11-2025 09:17:36 [main] [com.jayway.jsonpath.internal.path.CompiledPath] - Evaluating path: $['username']
[DEBUG] 23-11-2025 09:17:36 [main] [com.jayway.jsonpath.internal.path.CompiledPath] - Evaluating path: $['invalidPassword']
[DEBUG] 23-11-2025 09:17:36 [main] [com.jayway.jsonpath.internal.path.CompiledPath] - Evaluating path: $['baseURI']
[INFO] 23-11-2025 09:17:38 [main] [resources.LogUtils] - Response for Invalid Password Authentication{"reason":"Bad credentials"}
[ERROR] 23-11-2025 09:17:38 [main] [resources.LogUtils] - ❌ SoftAssert FAILED -> Status code is not 200 | Error: Status code is not 200 did not expect [200] but found [200]
[INFO] 23-11-2025 09:17:38 [main] [resources.LogUtils] - ✔️ SoftAssert PASSED -> Response contains 'Bad credentials'
[INFO] 23-11-2025 09:17:38 [main] [resources.LogUtils] - ✔️ SoftAssert PASSED -> Response time is less than 2000ms
[DEBUG] 23-11-2025 09:17:38 [main] [com.jayway.jsonpath.internal.path.CompiledPath] - Evaluating path: $['invalidUsername']
[DEBUG] 23-11-2025 09:17:38 [main] [com.jayway.jsonpath.internal.path.CompiledPath] - Evaluating path: $['password']
[DEBUG] 23-11-2025 09:17:38 [main] [com.jayway.jsonpath.internal.path.CompiledPath] - Evaluating path: $['baseURI']
[INFO] 23-11-2025 09:17:39 [main] [resources.LogUtils] - Response for Invalid Username Authentication{"reason":"Bad credentials"}
[ERROR] 23-11-2025 09:17:39 [main] [resources.LogUtils] - ❌ SoftAssert FAILED ->  Status code is not 200 | Error:  Status code is not 200 did not expect [200] but found [200]
[INFO] 23-11-2025 09:17:39 [main] [resources.LogUtils] - ✔️ SoftAssert PASSED ->  Response contains 'Bad credentials'
[INFO] 23-11-2025 09:17:39 [main] [resources.LogUtils] - ✔️ SoftAssert PASSED ->  Response time is less than 2000ms
[DEBUG] 23-11-2025 09:17:39 [main] [com.jayway.jsonpath.internal.path.CompiledPath] - Evaluating path: $['username']
[DEBUG] 23-11-2025 09:17:39 [main] [com.jayway.jsonpath.internal.path.CompiledPath] - Evaluating path: $['password']
[DEBUG] 23-11-2025 09:17:39 [main] [com.jayway.jsonpath.internal.path.CompiledPath] - Evaluating path: $['baseURI']
[INFO] 23-11-2025 09:17:40 [main] [resources.LogUtils] - Authentication Response Body: {"token":"8c297f298f710d0"}
[INFO] 23-11-2025 09:17:40 [main] [resources.LogUtils] - ✔️ SoftAssert PASSED -> Status code is 200
[INFO] 23-11-2025 09:17:40 [main] [resources.LogUtils] - ✔️ SoftAssert PASSED ->  Token is not null
[INFO] 23-11-2025 09:17:40 [main] [resources.LogUtils] - ✔️ SoftAssert PASSED ->  Response time is less than 2000ms
