[DEBUG] 23-11-2025 06:37:53 [main] [org.testng.TestNG] - suiteXmlPath: "C:\Users\omar_\AppData\Local\JetBrains\IdeaIC2025.2\temp-testng-customsuite.xml"
[TRACE] 23-11-2025 06:37:53 [main] [org.testng.internal.Graph] - [Graph] ADDING NODE CreateBookingRequestsTest.setup()[pri:0, instance:null] -1038050406
[TRACE] 23-11-2025 06:37:53 [main] [org.testng.internal.Graph] - [Graph] ================ SORTING
[TRACE] 23-11-2025 06:37:53 [main] [org.testng.internal.Graph] - [Graph] =============== DONE SORTING
[TRACE] 23-11-2025 06:37:53 [main] [org.testng.internal.Graph] - [Graph] ====== SORTED NODES
[TRACE] 23-11-2025 06:37:53 [main] [org.testng.internal.Graph] - [Graph] ====== END SORTED NODES
[TRACE] 23-11-2025 06:37:53 [main] [org.testng.internal.Graph] - [Graph] ADDING NODE CreateBookingRequestsTest.invalidCreateBookingTest()[pri:0, instance:Tests.CreateBookingRequestsTest@6079cf5] 1621679800
[TRACE] 23-11-2025 06:37:53 [main] [org.testng.internal.Graph] - [Graph] ADDING NODE CreateBookingRequestsTest.validCreateBookingTest()[pri:0, instance:Tests.CreateBookingRequestsTest@6079cf5] 1724835585
[TRACE] 23-11-2025 06:37:53 [main] [org.testng.internal.Graph] - [Graph] ================ SORTING
[TRACE] 23-11-2025 06:37:53 [main] [org.testng.internal.Graph] - [Graph] =============== DONE SORTING
[TRACE] 23-11-2025 06:37:53 [main] [org.testng.internal.Graph] - [Graph] ====== SORTED NODES
[TRACE] 23-11-2025 06:37:53 [main] [org.testng.internal.Graph] - [Graph] ====== END SORTED NODES
[INFO] 23-11-2025 06:37:53 [main] [org.testng.internal.Utils] - [TestNG] Running:
  C:\Users\omar_\AppData\Local\JetBrains\IdeaIC2025.2\temp-testng-customsuite.xml

[DEBUG] 23-11-2025 06:37:53 [main] [com.jayway.jsonpath.internal.path.CompiledPath] - Evaluating path: $['body']
[INFO] 23-11-2025 06:37:55 [main] [resources.LogUtils] - Invalid Create Booking Response Body: {"bookingid":3530,"booking":{"firstname":"Karim","lastname":"Hassan","totalprice":350,"depositpaid":true,"bookingdates":{"checkin":"2025-12-01","checkout":"2025-12-10"},"additionalneeds":"Breakfast"}}
[ERROR] 23-11-2025 06:37:55 [main] [resources.LogUtils] - ❌ SoftAssert FAILED -> Status code is not 200 | Error: Status code is not 200 did not expect [200] but found [200]
[INFO] 23-11-2025 06:37:55 [main] [resources.LogUtils] - ✔️ SoftAssert PASSED -> Response time is less than 2000ms
[DEBUG] 23-11-2025 06:37:55 [main] [com.jayway.jsonpath.internal.path.CompiledPath] - Evaluating path: $['firstname']
[DEBUG] 23-11-2025 06:37:55 [main] [com.jayway.jsonpath.internal.path.CompiledPath] - Evaluating path: $['lastname']
[DEBUG] 23-11-2025 06:37:55 [main] [com.jayway.jsonpath.internal.path.CompiledPath] - Evaluating path: $['totalprice']
