{"uuid":"0d4041be-8189-4d65-871b-6e5dff49f3a4","historyId":"cf2572efe1c73d63c96947510a253c68","fullName":"Tests.EndToEndTest$GetBookingByIDTest.validGetBookingDetails","labels":[{"name":"package","value":"Tests.EndToEndTest$GetBookingByIDTest"},{"name":"testClass","value":"Tests.EndToEndTest$GetBookingByIDTest"},{"name":"testMethod","value":"validGetBookingDetails"},{"name":"parentSuite","value":"All test suites"},{"name":"suite","value":"End to End"},{"name":"subSuite","value":"Tests.EndToEndTest$GetBookingByIDTest"},{"name":"host","value":"oem1800"},{"name":"thread","value":"4568@oem1800.main(1)"},{"name":"framework","value":"testng"},{"name":"language","value":"java"}],"links":[],"name":"Valid Get Booking By ID Test","status":"failed","statusDetails":{"known":false,"muted":false,"flaky":false,"message":"The following asserts failed:\n\tStatus code is not 200 expected [200] but found [404]","trace":"java.lang.AssertionError: The following asserts failed:\n\tStatus code is not 200 expected [200] but found [404]\r\n\tat org.testng.asserts.SoftAssert.assertAll(SoftAssert.java:46)\r\n\tat org.testng.asserts.SoftAssert.assertAll(SoftAssert.java:30)\r\n\tat Tests.EndToEndTest$GetBookingByIDTest.validGetBookingDetails(EndToEndTest.java:245)\r\n\tat java.base/jdk.internal.reflect.DirectMethodHandleAccessor.invoke(DirectMethodHandleAccessor.java:103)\r\n\tat java.base/java.lang.reflect.Method.invoke(Method.java:580)\r\n\tat org.testng.internal.invokers.MethodInvocationHelper.invokeMethod(MethodInvocationHelper.java:141)\r\n\tat org.testng.internal.invokers.TestInvoker.invokeMethod(TestInvoker.java:687)\r\n\tat org.testng.internal.invokers.TestInvoker.invokeTestMethod(TestInvoker.java:230)\r\n\tat org.testng.internal.invokers.MethodRunner.runInSequence(MethodRunner.java:63)\r\n\tat org.testng.internal.invokers.TestInvoker$MethodInvocationAgent.invoke(TestInvoker.java:995)\r\n\tat org.testng.internal.invokers.TestInvoker.invokeTestMethods(TestInvoker.java:203)\r\n\tat org.testng.internal.invokers.TestMethodWorker.invokeTestMethods(TestMethodWorker.java:154)\r\n\tat org.testng.internal.invokers.TestMethodWorker.run(TestMethodWorker.java:134)\r\n\tat java.base/java.util.ArrayList.forEach(ArrayList.java:1596)\r\n\tat org.testng.TestRunner.privateRun(TestRunner.java:741)\r\n\tat org.testng.TestRunner.run(TestRunner.java:616)\r\n\tat org.testng.SuiteRunner.runTest(SuiteRunner.java:421)\r\n\tat org.testng.SuiteRunner.runSequentially(SuiteRunner.java:413)\r\n\tat org.testng.SuiteRunner.privateRun(SuiteRunner.java:373)\r\n\tat org.testng.SuiteRunner.run(SuiteRunner.java:312)\r\n\tat org.testng.SuiteRunnerWorker.runSuite(SuiteRunnerWorker.java:52)\r\n\tat org.testng.SuiteRunnerWorker.run(SuiteRunnerWorker.java:95)\r\n\tat org.testng.TestNG.runSuitesSequentially(TestNG.java:1274)\r\n\tat org.testng.TestNG.runSuitesLocally(TestNG.java:1208)\r\n\tat org.testng.TestNG.runSuites(TestNG.java:1112)\r\n\tat org.testng.TestNG.run(TestNG.java:1079)\r\n\tat com.intellij.rt.testng.IDEARemoteTestNG.run(IDEARemoteTestNG.java:65)\r\n\tat com.intellij.rt.testng.RemoteTestNGStarter.main(RemoteTestNGStarter.java:105)\r\n"},"stage":"finished","description":"This test verifies that a booking can be retrieved by its ID and contains all expected fields.","steps":[{"name":"❌ SoftAssert FAILED: Status code is not 200 | Error: Status code is not 200 expected [200] but found [404]","status":"passed","stage":"finished","steps":[],"attachments":[],"parameters":[],"start":1764689704296,"stop":1764689704297},{"name":"✔️ SoftAssert PASSED: Response time is less than 2000ms","status":"passed","stage":"finished","steps":[],"attachments":[],"parameters":[],"start":1764689704297,"stop":1764689704297}],"attachments":[],"parameters":[],"start":1764689703449,"stop":1764689704298}