{
  "uuid": "2032e02c-07ab-4c10-98d8-16d80e1b1612",
  "historyId": "e75b1eeacbee0aa51a34a30bd101d636",
  "fullName": "Tests.E2ETest.endToEndBookingTest",
  "labels": [
    {
      "name": "package",
      "value": "Tests.E2ETest"
    },
    {
      "name": "testClass",
      "value": "Tests.E2ETest"
    },
    {
      "name": "testMethod",
      "value": "endToEndBookingTest"
    },
    {
      "name": "parentSuite",
      "value": "Default Suite"
    },
    {
      "name": "suite",
      "value": "Restful-Booker-GP"
    },
    {
      "name": "subSuite",
      "value": "Tests.E2ETest"
    },
    {
      "name": "host",
      "value": "oem1800"
    },
    {
      "name": "thread",
      "value": "15432@oem1800.main(1)"
    },
    {
      "name": "framework",
      "value": "testng"
    },
    {
      "name": "language",
      "value": "java"
    }
  ],
  "links": [],
  "name": "endToEndBookingTest",
  "status": "broken",
  "statusDetails": {
    "known": false,
    "muted": false,
    "flaky": false,
    "message": "Cannot invoke \"java.lang.Integer.intValue()\" because the return value of \"io.restassured.path.json.JsonPath.get(String)\" is null",
    "trace": "java.lang.NullPointerException: Cannot invoke \"java.lang.Integer.intValue()\" because the return value of \"io.restassured.path.json.JsonPath.get(String)\" is null\r\n\tat Tests.E2ETest.endToEndBookingTest(E2ETest.java:77)\r\n\tat java.base/jdk.internal.reflect.DirectMethodHandleAccessor.invoke(DirectMethodHandleAccessor.java:103)\r\n\tat java.base/java.lang.reflect.Method.invoke(Method.java:580)\r\n\tat org.testng.internal.invokers.MethodInvocationHelper.invokeMethod(MethodInvocationHelper.java:141)\r\n\tat org.testng.internal.invokers.TestInvoker.invokeMethod(TestInvoker.java:687)\r\n\tat org.testng.internal.invokers.TestInvoker.invokeTestMethod(TestInvoker.java:230)\r\n\tat org.testng.internal.invokers.MethodRunner.runInSequence(MethodRunner.java:63)\r\n\tat org.testng.internal.invokers.TestInvoker$MethodInvocationAgent.invoke(TestInvoker.java:995)\r\n\tat org.testng.internal.invokers.TestInvoker.invokeTestMethods(TestInvoker.java:203)\r\n\tat org.testng.internal.invokers.TestMethodWorker.invokeTestMethods(TestMethodWorker.java:154)\r\n\tat org.testng.internal.invokers.TestMethodWorker.run(TestMethodWorker.java:134)\r\n\tat java.base/java.util.ArrayList.forEach(ArrayList.java:1596)\r\n\tat org.testng.TestRunner.privateRun(TestRunner.java:741)\r\n\tat org.testng.TestRunner.run(TestRunner.java:616)\r\n\tat org.testng.SuiteRunner.runTest(SuiteRunner.java:421)\r\n\tat org.testng.SuiteRunner.runSequentially(SuiteRunner.java:413)\r\n\tat org.testng.SuiteRunner.privateRun(SuiteRunner.java:373)\r\n\tat org.testng.SuiteRunner.run(SuiteRunner.java:312)\r\n\tat org.testng.SuiteRunnerWorker.runSuite(SuiteRunnerWorker.java:52)\r\n\tat org.testng.SuiteRunnerWorker.run(SuiteRunnerWorker.java:95)\r\n\tat org.testng.TestNG.runSuitesSequentially(TestNG.java:1274)\r\n\tat org.testng.TestNG.runSuitesLocally(TestNG.java:1208)\r\n\tat org.testng.TestNG.runSuites(TestNG.java:1112)\r\n\tat org.testng.TestNG.run(TestNG.java:1079)\r\n\tat com.intellij.rt.testng.IDEARemoteTestNG.run(IDEARemoteTestNG.java:65)\r\n\tat com.intellij.rt.testng.RemoteTestNGStarter.main(RemoteTestNGStarter.java:105)\r\n"
  },
  "stage": "finished",
  "steps": [
    {
      "name": "✔️ SoftAssert PASSED: org.testng.asserts.Assertion$26@5f0a2638",
      "status": "passed",
      "stage": "finished",
      "steps": [],
      "attachments": [],
      "parameters": [],
      "start": 1763722844115,
      "stop": 1763722844116
    },
    {
      "name": "✔️ SoftAssert PASSED: org.testng.asserts.Assertion$1@50b93353",
      "status": "passed",
      "stage": "finished",
      "steps": [],
      "attachments": [],
      "parameters": [],
      "start": 1763722844117,
      "stop": 1763722844117
    },
    {
      "name": "✔️ SoftAssert PASSED: org.testng.asserts.Assertion$29@3249e278",
      "status": "passed",
      "stage": "finished",
      "steps": [],
      "attachments": [],
      "parameters": [],
      "start": 1763722844118,
      "stop": 1763722844118
    },
    {
      "name": "✔️ SoftAssert PASSED: org.testng.asserts.Assertion$26@4d464510",
      "status": "passed",
      "stage": "finished",
      "steps": [],
      "attachments": [],
      "parameters": [],
      "start": 1763722844872,
      "stop": 1763722844872
    },
    {
      "name": "✔️ SoftAssert PASSED: org.testng.asserts.Assertion$1@64e7d698",
      "status": "passed",
      "stage": "finished",
      "steps": [],
      "attachments": [],
      "parameters": [],
      "start": 1763722844872,
      "stop": 1763722844872
    },
    {
      "name": "✔️ SoftAssert PASSED: org.testng.asserts.Assertion$1@2519026b",
      "status": "passed",
      "stage": "finished",
      "steps": [],
      "attachments": [],
      "parameters": [],
      "start": 1763722844872,
      "stop": 1763722844872
    },
    {
      "name": "✔️ SoftAssert PASSED: org.testng.asserts.Assertion$10@733fb462",
      "status": "passed",
      "stage": "finished",
      "steps": [],
      "attachments": [],
      "parameters": [],
      "start": 1763722844881,
      "stop": 1763722844881
    },
    {
      "name": "✔️ SoftAssert PASSED: org.testng.asserts.Assertion$10@2233cac0",
      "status": "passed",
      "stage": "finished",
      "steps": [],
      "attachments": [],
      "parameters": [],
      "start": 1763722844888,
      "stop": 1763722844888
    },
    {
      "name": "✔️ SoftAssert PASSED: org.testng.asserts.Assertion$26@1b57c345",
      "status": "passed",
      "stage": "finished",
      "steps": [],
      "attachments": [],
      "parameters": [],
      "start": 1763722844895,
      "stop": 1763722844895
    },
    {
      "name": "✔️ SoftAssert PASSED: org.testng.asserts.Assertion$10@4e8b357d",
      "status": "passed",
      "stage": "finished",
      "steps": [],
      "attachments": [],
      "parameters": [],
      "start": 1763722844902,
      "stop": 1763722844902
    },
    {
      "name": "✔️ SoftAssert PASSED: org.testng.asserts.Assertion$10@8054fe2",
      "status": "passed",
      "stage": "finished",
      "steps": [],
      "attachments": [],
      "parameters": [],
      "start": 1763722844910,
      "stop": 1763722844910
    },
    {
      "name": "✔️ SoftAssert PASSED: org.testng.asserts.Assertion$10@63a9c661",
      "status": "passed",
      "stage": "finished",
      "steps": [],
      "attachments": [],
      "parameters": [],
      "start": 1763722844918,
      "stop": 1763722844918
    },
    {
      "name": "✔️ SoftAssert PASSED: org.testng.asserts.Assertion$26@66ec4409",
      "status": "passed",
      "stage": "finished",
      "steps": [],
      "attachments": [],
      "parameters": [],
      "start": 1763722845923,
      "stop": 1763722845923
    },
    {
      "name": "✔️ SoftAssert PASSED: org.testng.asserts.Assertion$1@7a083b96",
      "status": "passed",
      "stage": "finished",
      "steps": [],
      "attachments": [],
      "parameters": [],
      "start": 1763722846171,
      "stop": 1763722846171
    },
    {
      "name": "✔️ SoftAssert PASSED: org.testng.asserts.Assertion$26@19dc0d32",
      "status": "passed",
      "stage": "finished",
      "steps": [],
      "attachments": [],
      "parameters": [],
      "start": 1763722846988,
      "stop": 1763722846988
    },
    {
      "name": "✔️ SoftAssert PASSED: org.testng.asserts.Assertion$26@4665428b",
      "status": "passed",
      "stage": "finished",
      "steps": [],
      "attachments": [],
      "parameters": [],
      "start": 1763722847750,
      "stop": 1763722847751
    },
    {
      "name": "❌ SoftAssert FAILED: org.testng.asserts.Assertion$10@4b55ff0a",
      "status": "passed",
      "stage": "finished",
      "steps": [],
      "attachments": [],
      "parameters": [],
      "start": 1763722847768,
      "stop": 1763722847768
    },
    {
      "name": "❌ SoftAssert FAILED: org.testng.asserts.Assertion$10@7418d76e",
      "status": "passed",
      "stage": "finished",
      "steps": [],
      "attachments": [],
      "parameters": [],
      "start": 1763722847775,
      "stop": 1763722847775
    }
  ],
  "attachments": [],
  "parameters": [],
  "start": 1763722841841,
  "stop": 1763722847787
}