{"uuid":"45e0b1db-a2bf-46f4-aff5-c885dab9bff3","historyId":"288816b187f80844e2435eb8f5aad13d","fullName":"Tests.CreateBookingRequestsTest.validCreateBookingTest","labels":[{"name":"package","value":"Tests.CreateBookingRequestsTest"},{"name":"testClass","value":"Tests.CreateBookingRequestsTest"},{"name":"testMethod","value":"validCreateBookingTest"},{"name":"parentSuite","value":"All test suites"},{"name":"suite","value":"Valid Test Cases"},{"name":"subSuite","value":"Tests.CreateBookingRequestsTest"},{"name":"host","value":"oem1800"},{"name":"thread","value":"6892@oem1800.main(1)"},{"name":"framework","value":"testng"},{"name":"language","value":"java"}],"links":[],"name":"Valid Create Booking Test","status":"failed","statusDetails":{"known":false,"muted":false,"flaky":false,"message":"The following asserts failed:\n\tResponse time is less than 2000ms expected [true] but found [false]","trace":"java.lang.AssertionError: The following asserts failed:\n\tResponse time is less than 2000ms expected [true] but found [false]\r\n\tat org.testng.asserts.SoftAssert.assertAll(SoftAssert.java:46)\r\n\tat org.testng.asserts.SoftAssert.assertAll(SoftAssert.java:30)\r\n\tat Tests.CreateBookingRequestsTest.validCreateBookingTest(CreateBookingRequestsTest.java:68)\r\n\tat java.base/jdk.internal.reflect.DirectMethodHandleAccessor.invoke(DirectMethodHandleAccessor.java:103)\r\n\tat java.base/java.lang.reflect.Method.invoke(Method.java:580)\r\n\tat org.testng.internal.invokers.MethodInvocationHelper.invokeMethod(MethodInvocationHelper.java:141)\r\n\tat org.testng.internal.invokers.TestInvoker.invokeMethod(TestInvoker.java:687)\r\n\tat org.testng.internal.invokers.TestInvoker.invokeTestMethod(TestInvoker.java:230)\r\n\tat org.testng.internal.invokers.MethodRunner.runInSequence(MethodRunner.java:63)\r\n\tat org.testng.internal.invokers.TestInvoker$MethodInvocationAgent.invoke(TestInvoker.java:995)\r\n\tat org.testng.internal.invokers.TestInvoker.invokeTestMethods(TestInvoker.java:203)\r\n\tat org.testng.internal.invokers.TestMethodWorker.invokeTestMethods(TestMethodWorker.java:154)\r\n\tat org.testng.internal.invokers.TestMethodWorker.run(TestMethodWorker.java:134)\r\n\tat java.base/java.util.ArrayList.forEach(ArrayList.java:1596)\r\n\tat org.testng.TestRunner.privateRun(TestRunner.java:741)\r\n\tat org.testng.TestRunner.run(TestRunner.java:616)\r\n\tat org.testng.SuiteRunner.runTest(SuiteRunner.java:421)\r\n\tat org.testng.SuiteRunner.runSequentially(SuiteRunner.java:413)\r\n\tat org.testng.SuiteRunner.privateRun(SuiteRunner.java:373)\r\n\tat org.testng.SuiteRunner.run(SuiteRunner.java:312)\r\n\tat org.testng.SuiteRunnerWorker.runSuite(SuiteRunnerWorker.java:52)\r\n\tat org.testng.SuiteRunnerWorker.run(SuiteRunnerWorker.java:95)\r\n\tat org.testng.TestNG.runSuitesSequentially(TestNG.java:1274)\r\n\tat org.testng.TestNG.runSuitesLocally(TestNG.java:1208)\r\n\tat org.testng.TestNG.runSuites(TestNG.java:1112)\r\n\tat org.testng.TestNG.run(TestNG.java:1079)\r\n\tat com.intellij.rt.testng.IDEARemoteTestNG.run(IDEARemoteTestNG.java:65)\r\n\tat com.intellij.rt.testng.RemoteTestNGStarter.main(RemoteTestNGStarter.java:105)\r\n"},"stage":"finished","description":"This test verifies that a booking is successfully created when valid data is provided.","steps":[{"name":"✔️ SoftAssert PASSED: Status code is 200","status":"passed","stage":"finished","steps":[],"attachments":[],"parameters":[],"start":1764689569095,"stop":1764689569095},{"name":"❌ SoftAssert FAILED: Response time is less than 2000ms | Error: Response time is less than 2000ms expected [true] but found [false]","status":"passed","stage":"finished","steps":[],"attachments":[],"parameters":[],"start":1764689569095,"stop":1764689569095},{"name":"✔️ SoftAssert PASSED: Booking ID is greater than 0","status":"passed","stage":"finished","steps":[],"attachments":[],"parameters":[],"start":1764689569096,"stop":1764689569096},{"name":"✔️ SoftAssert PASSED: Firstname is correct","status":"passed","stage":"finished","steps":[],"attachments":[],"parameters":[],"start":1764689569098,"stop":1764689569098},{"name":"✔️ SoftAssert PASSED: Lastname is correct","status":"passed","stage":"finished","steps":[],"attachments":[],"parameters":[],"start":1764689569098,"stop":1764689569098},{"name":"✔️ SoftAssert PASSED: Total price is correct","status":"passed","stage":"finished","steps":[],"attachments":[],"parameters":[],"start":1764689569098,"stop":1764689569098},{"name":"✔️ SoftAssert PASSED: Deposit paid is correct","status":"passed","stage":"finished","steps":[],"attachments":[],"parameters":[],"start":1764689569099,"stop":1764689569099},{"name":"✔️ SoftAssert PASSED: Checkin date is correct","status":"passed","stage":"finished","steps":[],"attachments":[],"parameters":[],"start":1764689569099,"stop":1764689569099},{"name":"✔️ SoftAssert PASSED: Checkout date is correct","status":"passed","stage":"finished","steps":[],"attachments":[],"parameters":[],"start":1764689569100,"stop":1764689569100},{"name":"✔️ SoftAssert PASSED: Additional needs is correct","status":"passed","stage":"finished","steps":[],"attachments":[],"parameters":[],"start":1764689569100,"stop":1764689569100}],"attachments":[],"parameters":[],"start":1764689566805,"stop":1764689569100}