{"uuid":"4c1a97f2-d736-4a6a-a1ad-3d4c0410a400","historyId":"e75b1eeacbee0aa51a34a30bd101d636","fullName":"Tests.E2ETest.endToEndBookingTest","labels":[{"name":"package","value":"Tests.E2ETest"},{"name":"testClass","value":"Tests.E2ETest"},{"name":"testMethod","value":"endToEndBookingTest"},{"name":"parentSuite","value":"Default Suite"},{"name":"suite","value":"Restful-Booker-GP"},{"name":"subSuite","value":"Tests.E2ETest"},{"name":"host","value":"oem1800"},{"name":"thread","value":"6676@oem1800.main(1)"},{"name":"framework","value":"testng"},{"name":"language","value":"java"}],"links":[],"name":"endToEndBookingTest","status":"broken","statusDetails":{"known":false,"muted":false,"flaky":false,"message":"Cannot invoke \"java.lang.Integer.intValue()\" because the return value of \"io.restassured.internal.common.path.ObjectConverter.convertObjectTo(Object, java.lang.Class)\" is null","trace":"java.lang.NullPointerException: Cannot invoke \"java.lang.Integer.intValue()\" because the return value of \"io.restassured.internal.common.path.ObjectConverter.convertObjectTo(Object, java.lang.Class)\" is null\r\n\tat io.restassured.path.json.JsonPath.getInt(JsonPath.java:245)\r\n\tat Tests.E2ETest.endToEndBookingTest(E2ETest.java:77)\r\n\tat java.base/jdk.internal.reflect.DirectMethodHandleAccessor.invoke(DirectMethodHandleAccessor.java:103)\r\n\tat java.base/java.lang.reflect.Method.invoke(Method.java:580)\r\n\tat org.testng.internal.invokers.MethodInvocationHelper.invokeMethod(MethodInvocationHelper.java:141)\r\n\tat org.testng.internal.invokers.TestInvoker.invokeMethod(TestInvoker.java:687)\r\n\tat org.testng.internal.invokers.TestInvoker.invokeTestMethod(TestInvoker.java:230)\r\n\tat org.testng.internal.invokers.MethodRunner.runInSequence(MethodRunner.java:63)\r\n\tat org.testng.internal.invokers.TestInvoker$MethodInvocationAgent.invoke(TestInvoker.java:995)\r\n\tat org.testng.internal.invokers.TestInvoker.invokeTestMethods(TestInvoker.java:203)\r\n\tat org.testng.internal.invokers.TestMethodWorker.invokeTestMethods(TestMethodWorker.java:154)\r\n\tat org.testng.internal.invokers.TestMethodWorker.run(TestMethodWorker.java:134)\r\n\tat java.base/java.util.ArrayList.forEach(ArrayList.java:1596)\r\n\tat org.testng.TestRunner.privateRun(TestRunner.java:741)\r\n\tat org.testng.TestRunner.run(TestRunner.java:616)\r\n\tat org.testng.SuiteRunner.runTest(SuiteRunner.java:421)\r\n\tat org.testng.SuiteRunner.runSequentially(SuiteRunner.java:413)\r\n\tat org.testng.SuiteRunner.privateRun(SuiteRunner.java:373)\r\n\tat org.testng.SuiteRunner.run(SuiteRunner.java:312)\r\n\tat org.testng.SuiteRunnerWorker.runSuite(SuiteRunnerWorker.java:52)\r\n\tat org.testng.SuiteRunnerWorker.run(SuiteRunnerWorker.java:95)\r\n\tat org.testng.TestNG.runSuitesSequentially(TestNG.java:1274)\r\n\tat org.testng.TestNG.runSuitesLocally(TestNG.java:1208)\r\n\tat org.testng.TestNG.runSuites(TestNG.java:1112)\r\n\tat org.testng.TestNG.run(TestNG.java:1079)\r\n\tat com.intellij.rt.testng.IDEARemoteTestNG.run(IDEARemoteTestNG.java:65)\r\n\tat com.intellij.rt.testng.RemoteTestNGStarter.main(RemoteTestNGStarter.java:105)\r\n"},"stage":"finished","steps":[{"name":"✔️ SoftAssert PASSED: org.testng.asserts.Assertion$26@1f736d00","status":"passed","stage":"finished","steps":[],"attachments":[],"parameters":[],"start":1763722944710,"stop":1763722944711},{"name":"✔️ SoftAssert PASSED: org.testng.asserts.Assertion$1@6f25bf88","status":"passed","stage":"finished","steps":[],"attachments":[],"parameters":[],"start":1763722944713,"stop":1763722944713},{"name":"✔️ SoftAssert PASSED: org.testng.asserts.Assertion$29@202898d7","status":"passed","stage":"finished","steps":[],"attachments":[],"parameters":[],"start":1763722944714,"stop":1763722944714},{"name":"✔️ SoftAssert PASSED: org.testng.asserts.Assertion$26@28babeca","status":"passed","stage":"finished","steps":[],"attachments":[],"parameters":[],"start":1763722945453,"stop":1763722945453},{"name":"✔️ SoftAssert PASSED: org.testng.asserts.Assertion$1@1ad9b8d3","status":"passed","stage":"finished","steps":[],"attachments":[],"parameters":[],"start":1763722945453,"stop":1763722945453},{"name":"✔️ SoftAssert PASSED: org.testng.asserts.Assertion$1@168ad26f","status":"passed","stage":"finished","steps":[],"attachments":[],"parameters":[],"start":1763722945453,"stop":1763722945453},{"name":"✔️ SoftAssert PASSED: org.testng.asserts.Assertion$10@3f8dfe74","status":"passed","stage":"finished","steps":[],"attachments":[],"parameters":[],"start":1763722945464,"stop":1763722945464},{"name":"✔️ SoftAssert PASSED: org.testng.asserts.Assertion$10@6c977dcf","status":"passed","stage":"finished","steps":[],"attachments":[],"parameters":[],"start":1763722945472,"stop":1763722945472},{"name":"✔️ SoftAssert PASSED: org.testng.asserts.Assertion$26@3b481bf5","status":"passed","stage":"finished","steps":[],"attachments":[],"parameters":[],"start":1763722945479,"stop":1763722945479},{"name":"✔️ SoftAssert PASSED: org.testng.asserts.Assertion$10@1d4f5506","status":"passed","stage":"finished","steps":[],"attachments":[],"parameters":[],"start":1763722945486,"stop":1763722945486},{"name":"✔️ SoftAssert PASSED: org.testng.asserts.Assertion$10@5fdfe8cf","status":"passed","stage":"finished","steps":[],"attachments":[],"parameters":[],"start":1763722945493,"stop":1763722945493},{"name":"✔️ SoftAssert PASSED: org.testng.asserts.Assertion$10@4bf80c29","status":"passed","stage":"finished","steps":[],"attachments":[],"parameters":[],"start":1763722945504,"stop":1763722945504},{"name":"✔️ SoftAssert PASSED: org.testng.asserts.Assertion$26@58f31629","status":"passed","stage":"finished","steps":[],"attachments":[],"parameters":[],"start":1763722946405,"stop":1763722946405},{"name":"✔️ SoftAssert PASSED: org.testng.asserts.Assertion$1@653fb8d1","status":"passed","stage":"finished","steps":[],"attachments":[],"parameters":[],"start":1763722946473,"stop":1763722946473},{"name":"✔️ SoftAssert PASSED: org.testng.asserts.Assertion$26@34d480b9","status":"passed","stage":"finished","steps":[],"attachments":[],"parameters":[],"start":1763722947213,"stop":1763722947213},{"name":"✔️ SoftAssert PASSED: org.testng.asserts.Assertion$26@5f08fe00","status":"passed","stage":"finished","steps":[],"attachments":[],"parameters":[],"start":1763722947960,"stop":1763722947960},{"name":"❌ SoftAssert FAILED: org.testng.asserts.Assertion$10@153cb763","status":"passed","stage":"finished","steps":[],"attachments":[],"parameters":[],"start":1763722947976,"stop":1763722947976},{"name":"❌ SoftAssert FAILED: org.testng.asserts.Assertion$10@5e1a986c","status":"passed","stage":"finished","steps":[],"attachments":[],"parameters":[],"start":1763722947983,"stop":1763722947983}],"attachments":[],"parameters":[],"start":1763722942537,"stop":1763722947994}