{"uuid":"6bf8c55e-a739-4a70-98e2-8268a9766425","historyId":"33831addd78e44dcbe36c592a0dc3333","fullName":"Tests.PartialUpdateBookingTest.validPartialUpdateBookingTest","labels":[{"name":"package","value":"Tests.PartialUpdateBookingTest"},{"name":"testClass","value":"Tests.PartialUpdateBookingTest"},{"name":"testMethod","value":"validPartialUpdateBookingTest"},{"name":"parentSuite","value":"Default Suite"},{"name":"suite","value":"Restful-Booker-GP"},{"name":"subSuite","value":"Tests.PartialUpdateBookingTest"},{"name":"host","value":"oem1800"},{"name":"thread","value":"23584@oem1800.main(1)"},{"name":"framework","value":"testng"},{"name":"language","value":"java"}],"links":[],"name":"Valid Partial Update Booking Test","status":"failed","statusDetails":{"known":false,"muted":false,"flaky":false,"message":"The following asserts failed:\n\tFirst name is updated correctly expected [First] but found [null],\n\tLast name is updated correctly expected [Last] but found [null]","trace":"java.lang.AssertionError: The following asserts failed:\n\tFirst name is updated correctly expected [First] but found [null],\n\tLast name is updated correctly expected [Last] but found [null]\r\n\tat org.testng.asserts.SoftAssert.assertAll(SoftAssert.java:46)\r\n\tat org.testng.asserts.SoftAssert.assertAll(SoftAssert.java:30)\r\n\tat Tests.PartialUpdateBookingTest.validPartialUpdateBookingTest(PartialUpdateBookingTest.java:42)\r\n\tat java.base/jdk.internal.reflect.DirectMethodHandleAccessor.invoke(DirectMethodHandleAccessor.java:103)\r\n\tat java.base/java.lang.reflect.Method.invoke(Method.java:580)\r\n\tat org.testng.internal.invokers.MethodInvocationHelper.invokeMethod(MethodInvocationHelper.java:141)\r\n\tat org.testng.internal.invokers.TestInvoker.invokeMethod(TestInvoker.java:687)\r\n\tat org.testng.internal.invokers.TestInvoker.invokeTestMethod(TestInvoker.java:230)\r\n\tat org.testng.internal.invokers.MethodRunner.runInSequence(MethodRunner.java:63)\r\n\tat org.testng.internal.invokers.TestInvoker$MethodInvocationAgent.invoke(TestInvoker.java:995)\r\n\tat org.testng.internal.invokers.TestInvoker.invokeTestMethods(TestInvoker.java:203)\r\n\tat org.testng.internal.invokers.TestMethodWorker.invokeTestMethods(TestMethodWorker.java:154)\r\n\tat org.testng.internal.invokers.TestMethodWorker.run(TestMethodWorker.java:134)\r\n\tat java.base/java.util.ArrayList.forEach(ArrayList.java:1596)\r\n\tat org.testng.TestRunner.privateRun(TestRunner.java:741)\r\n\tat org.testng.TestRunner.run(TestRunner.java:616)\r\n\tat org.testng.SuiteRunner.runTest(SuiteRunner.java:421)\r\n\tat org.testng.SuiteRunner.runSequentially(SuiteRunner.java:413)\r\n\tat org.testng.SuiteRunner.privateRun(SuiteRunner.java:373)\r\n\tat org.testng.SuiteRunner.run(SuiteRunner.java:312)\r\n\tat org.testng.SuiteRunnerWorker.runSuite(SuiteRunnerWorker.java:52)\r\n\tat org.testng.SuiteRunnerWorker.run(SuiteRunnerWorker.java:95)\r\n\tat org.testng.TestNG.runSuitesSequentially(TestNG.java:1274)\r\n\tat org.testng.TestNG.runSuitesLocally(TestNG.java:1208)\r\n\tat org.testng.TestNG.runSuites(TestNG.java:1112)\r\n\tat org.testng.TestNG.run(TestNG.java:1079)\r\n\tat com.intellij.rt.testng.IDEARemoteTestNG.run(IDEARemoteTestNG.java:65)\r\n\tat com.intellij.rt.testng.RemoteTestNGStarter.main(RemoteTestNGStarter.java:105)\r\n"},"stage":"finished","description":"This test verifies that a booking is successfully partially updated when valid data is provided.","steps":[{"name":"✔️ SoftAssert PASSED: Status code is 200","status":"passed","stage":"finished","steps":[],"attachments":[],"parameters":[],"start":1763796627887,"stop":1763796627887},{"name":"❌ SoftAssert FAILED: First name is updated correctly | Error: First name is updated correctly expected [First] but found [null]","status":"passed","stage":"finished","steps":[],"attachments":[],"parameters":[],"start":1763796627893,"stop":1763796627893},{"name":"❌ SoftAssert FAILED: Last name is updated correctly | Error: Last name is updated correctly expected [Last] but found [null]","status":"passed","stage":"finished","steps":[],"attachments":[],"parameters":[],"start":1763796627893,"stop":1763796627893},{"name":"✔️ SoftAssert PASSED: Response time is less than 2000ms","status":"passed","stage":"finished","steps":[],"attachments":[],"parameters":[],"start":1763796627894,"stop":1763796627894}],"attachments":[],"parameters":[{"name":"firstname","value":"First"},{"name":"id","value":"1"},{"name":"lastname","value":"Last"}],"start":1763796623367,"stop":1763796627900}