{
  "uuid": "6e3f6579-065c-47b6-865f-f56f5440c66a",
  "historyId": "bf732c2680d1b9bc2cfe1013735bf014",
  "fullName": "Tests.DeleteTests.validDeleteBookingTest",
  "labels": [
    {
      "name": "package",
      "value": "Tests.DeleteTests"
    },
    {
      "name": "testClass",
      "value": "Tests.DeleteTests"
    },
    {
      "name": "testMethod",
      "value": "validDeleteBookingTest"
    },
    {
      "name": "parentSuite",
      "value": "Surefire suite"
    },
    {
      "name": "suite",
      "value": "Surefire test"
    },
    {
      "name": "subSuite",
      "value": "Tests.DeleteTests"
    },
    {
      "name": "host",
      "value": "oem1800"
    },
    {
      "name": "thread",
      "value": "31208@oem1800.main(1)"
    },
    {
      "name": "framework",
      "value": "testng"
    },
    {
      "name": "language",
      "value": "java"
    }
  ],
  "links": [],
  "name": "Valid Delete Booking Test",
  "status": "failed",
  "statusDetails": {
    "known": false,
    "muted": false,
    "flaky": false,
    "message": "The following asserts failed:\n\tStatus code is not 201 expected [201] but found [405]",
    "trace": "java.lang.AssertionError: The following asserts failed:\n\tStatus code is not 201 expected [201] but found [405]\r\n\tat org.testng.asserts.SoftAssert.assertAll(SoftAssert.java:46)\r\n\tat org.testng.asserts.SoftAssert.assertAll(SoftAssert.java:30)\r\n\tat Tests.DeleteTests.validDeleteBookingTest(DeleteTests.java:40)\r\n\tat java.base/jdk.internal.reflect.DirectMethodHandleAccessor.invoke(DirectMethodHandleAccessor.java:103)\r\n\tat java.base/java.lang.reflect.Method.invoke(Method.java:580)\r\n\tat org.testng.internal.invokers.MethodInvocationHelper.invokeMethod(MethodInvocationHelper.java:141)\r\n\tat org.testng.internal.invokers.TestInvoker.invokeMethod(TestInvoker.java:687)\r\n\tat org.testng.internal.invokers.TestInvoker.invokeTestMethod(TestInvoker.java:230)\r\n\tat org.testng.internal.invokers.MethodRunner.runInSequence(MethodRunner.java:63)\r\n\tat org.testng.internal.invokers.TestInvoker$MethodInvocationAgent.invoke(TestInvoker.java:995)\r\n\tat org.testng.internal.invokers.TestInvoker.invokeTestMethods(TestInvoker.java:203)\r\n\tat org.testng.internal.invokers.TestMethodWorker.invokeTestMethods(TestMethodWorker.java:154)\r\n\tat org.testng.internal.invokers.TestMethodWorker.run(TestMethodWorker.java:134)\r\n\tat java.base/java.util.ArrayList.forEach(ArrayList.java:1596)\r\n\tat org.testng.TestRunner.privateRun(TestRunner.java:741)\r\n\tat org.testng.TestRunner.run(TestRunner.java:616)\r\n\tat org.testng.SuiteRunner.runTest(SuiteRunner.java:421)\r\n\tat org.testng.SuiteRunner.runSequentially(SuiteRunner.java:413)\r\n\tat org.testng.SuiteRunner.privateRun(SuiteRunner.java:373)\r\n\tat org.testng.SuiteRunner.run(SuiteRunner.java:312)\r\n\tat org.testng.SuiteRunnerWorker.runSuite(SuiteRunnerWorker.java:52)\r\n\tat org.testng.SuiteRunnerWorker.run(SuiteRunnerWorker.java:95)\r\n\tat org.testng.TestNG.runSuitesSequentially(TestNG.java:1274)\r\n\tat org.testng.TestNG.runSuitesLocally(TestNG.java:1208)\r\n\tat org.testng.TestNG.runSuites(TestNG.java:1112)\r\n\tat org.testng.TestNG.run(TestNG.java:1079)\r\n\tat org.apache.maven.surefire.testng.TestNGExecutor.run(TestNGExecutor.java:155)\r\n\tat org.apache.maven.surefire.testng.TestNGDirectoryTestSuite.executeMulti(TestNGDirectoryTestSuite.java:169)\r\n\tat org.apache.maven.surefire.testng.TestNGDirectoryTestSuite.execute(TestNGDirectoryTestSuite.java:88)\r\n\tat org.apache.maven.surefire.testng.TestNGProvider.invoke(TestNGProvider.java:137)\r\n\tat org.apache.maven.surefire.booter.ForkedBooter.runSuitesInProcess(ForkedBooter.java:385)\r\n\tat org.apache.maven.surefire.booter.ForkedBooter.execute(ForkedBooter.java:162)\r\n\tat org.apache.maven.surefire.booter.ForkedBooter.run(ForkedBooter.java:507)\r\n\tat org.apache.maven.surefire.booter.ForkedBooter.main(ForkedBooter.java:495)\r\n"
  },
  "stage": "finished",
  "description": "This test verifies that a booking can be deleted successfully with valid authentication.",
  "steps": [
    {
      "name": "❌ SoftAssert FAILED: Status code is not 201 | Error: Status code is not 201 expected [201] but found [405]",
      "status": "passed",
      "stage": "finished",
      "steps": [],
      "attachments": [],
      "parameters": [],
      "start": 1763747322833,
      "stop": 1763747322833
    },
    {
      "name": "✔️ SoftAssert PASSED: Response time is less than 2000ms",
      "status": "passed",
      "stage": "finished",
      "steps": [],
      "attachments": [],
      "parameters": [],
      "start": 1763747322833,
      "stop": 1763747322834
    }
  ],
  "attachments": [],
  "parameters": [
    {
      "name": "bookingID",
      "value": "1"
    }
  ],
  "start": 1763747320798,
  "stop": 1763747322834
}