{"uuid":"79ba3a93-1b7c-403a-9999-a4dc6d37b74d","historyId":"c74fe32ceaa601f400c2efb0b105811d","fullName":"Tests.UpdateBookingTest.invalidUpdateBookingByIncorrectID","labels":[{"name":"package","value":"Tests.UpdateBookingTest"},{"name":"testClass","value":"Tests.UpdateBookingTest"},{"name":"testMethod","value":"invalidUpdateBookingByIncorrectID"},{"name":"parentSuite","value":"All test suites"},{"name":"suite","value":"Invalid Test Cases"},{"name":"subSuite","value":"Tests.UpdateBookingTest"},{"name":"host","value":"oem1800"},{"name":"thread","value":"6892@oem1800.main(1)"},{"name":"framework","value":"testng"},{"name":"language","value":"java"}],"links":[],"name":"Invalid Update Booking Test By Incorrect ID","status":"failed","statusDetails":{"known":false,"muted":false,"flaky":false,"message":"The following asserts failed:\n\tResponse time is less than 2000ms expected [true] but found [false]","trace":"java.lang.AssertionError: The following asserts failed:\n\tResponse time is less than 2000ms expected [true] but found [false]\r\n\tat org.testng.asserts.SoftAssert.assertAll(SoftAssert.java:46)\r\n\tat org.testng.asserts.SoftAssert.assertAll(SoftAssert.java:30)\r\n\tat Tests.UpdateBookingTest.invalidUpdateBookingByIncorrectID(UpdateBookingTest.java:80)\r\n\tat java.base/jdk.internal.reflect.DirectMethodHandleAccessor.invoke(DirectMethodHandleAccessor.java:103)\r\n\tat java.base/java.lang.reflect.Method.invoke(Method.java:580)\r\n\tat org.testng.internal.invokers.MethodInvocationHelper.invokeMethod(MethodInvocationHelper.java:141)\r\n\tat org.testng.internal.invokers.TestInvoker.invokeMethod(TestInvoker.java:687)\r\n\tat org.testng.internal.invokers.TestInvoker.invokeTestMethod(TestInvoker.java:230)\r\n\tat org.testng.internal.invokers.MethodRunner.runInSequence(MethodRunner.java:63)\r\n\tat org.testng.internal.invokers.TestInvoker$MethodInvocationAgent.invoke(TestInvoker.java:995)\r\n\tat org.testng.internal.invokers.TestInvoker.invokeTestMethods(TestInvoker.java:203)\r\n\tat org.testng.internal.invokers.TestMethodWorker.invokeTestMethods(TestMethodWorker.java:154)\r\n\tat org.testng.internal.invokers.TestMethodWorker.run(TestMethodWorker.java:134)\r\n\tat java.base/java.util.ArrayList.forEach(ArrayList.java:1596)\r\n\tat org.testng.TestRunner.privateRun(TestRunner.java:741)\r\n\tat org.testng.TestRunner.run(TestRunner.java:616)\r\n\tat org.testng.SuiteRunner.runTest(SuiteRunner.java:421)\r\n\tat org.testng.SuiteRunner.runSequentially(SuiteRunner.java:413)\r\n\tat org.testng.SuiteRunner.privateRun(SuiteRunner.java:373)\r\n\tat org.testng.SuiteRunner.run(SuiteRunner.java:312)\r\n\tat org.testng.SuiteRunnerWorker.runSuite(SuiteRunnerWorker.java:52)\r\n\tat org.testng.SuiteRunnerWorker.run(SuiteRunnerWorker.java:95)\r\n\tat org.testng.TestNG.runSuitesSequentially(TestNG.java:1274)\r\n\tat org.testng.TestNG.runSuitesLocally(TestNG.java:1208)\r\n\tat org.testng.TestNG.runSuites(TestNG.java:1112)\r\n\tat org.testng.TestNG.run(TestNG.java:1079)\r\n\tat com.intellij.rt.testng.IDEARemoteTestNG.run(IDEARemoteTestNG.java:65)\r\n\tat com.intellij.rt.testng.RemoteTestNGStarter.main(RemoteTestNGStarter.java:105)\r\n"},"stage":"finished","description":"This test verifies that updating a booking fails when an incorrect booking ID is provided.","steps":[{"name":"✔️ SoftAssert PASSED: Expected status code 405","status":"passed","stage":"finished","steps":[],"attachments":[],"parameters":[],"start":1764689591265,"stop":1764689591265},{"name":"❌ SoftAssert FAILED: Response time is less than 2000ms | Error: Response time is less than 2000ms expected [true] but found [false]","status":"passed","stage":"finished","steps":[],"attachments":[],"parameters":[],"start":1764689591266,"stop":1764689591266}],"attachments":[],"parameters":[],"start":1764689589256,"stop":1764689591267}