{"uuid":"ad4e84ee-1d7f-4eed-9554-7663ab666fb6","historyId":"d9dc80edc5a62ac9bbea49453f5df66e","fullName":"Tests.AuthenticationTest.invalidUsernameTest","labels":[{"name":"package","value":"Tests.AuthenticationTest"},{"name":"testClass","value":"Tests.AuthenticationTest"},{"name":"testMethod","value":"invalidUsernameTest"},{"name":"parentSuite","value":"All test suites"},{"name":"suite","value":"Authentication Test"},{"name":"subSuite","value":"Tests.AuthenticationTest"},{"name":"host","value":"oem1800"},{"name":"thread","value":"10632@oem1800.main(1)"},{"name":"framework","value":"testng"},{"name":"language","value":"java"}],"links":[],"name":"Invalid Username Test","status":"failed","statusDetails":{"known":false,"muted":false,"flaky":false,"message":"The following asserts failed:\n\t Status code is not 200 did not expect [200] but found [200]","trace":"java.lang.AssertionError: The following asserts failed:\n\t Status code is not 200 did not expect [200] but found [200]\r\n\tat org.testng.asserts.SoftAssert.assertAll(SoftAssert.java:46)\r\n\tat org.testng.asserts.SoftAssert.assertAll(SoftAssert.java:30)\r\n\tat Tests.AuthenticationTest.invalidUsernameTest(AuthenticationTest.java:73)\r\n\tat java.base/jdk.internal.reflect.DirectMethodHandleAccessor.invoke(DirectMethodHandleAccessor.java:103)\r\n\tat java.base/java.lang.reflect.Method.invoke(Method.java:580)\r\n\tat org.testng.internal.invokers.MethodInvocationHelper.invokeMethod(MethodInvocationHelper.java:141)\r\n\tat org.testng.internal.invokers.TestInvoker.invokeMethod(TestInvoker.java:687)\r\n\tat org.testng.internal.invokers.TestInvoker.invokeTestMethod(TestInvoker.java:230)\r\n\tat org.testng.internal.invokers.MethodRunner.runInSequence(MethodRunner.java:63)\r\n\tat org.testng.internal.invokers.TestInvoker$MethodInvocationAgent.invoke(TestInvoker.java:995)\r\n\tat org.testng.internal.invokers.TestInvoker.invokeTestMethods(TestInvoker.java:203)\r\n\tat org.testng.internal.invokers.TestMethodWorker.invokeTestMethods(TestMethodWorker.java:154)\r\n\tat org.testng.internal.invokers.TestMethodWorker.run(TestMethodWorker.java:134)\r\n\tat java.base/java.util.ArrayList.forEach(ArrayList.java:1596)\r\n\tat org.testng.TestRunner.privateRun(TestRunner.java:741)\r\n\tat org.testng.TestRunner.run(TestRunner.java:616)\r\n\tat org.testng.SuiteRunner.runTest(SuiteRunner.java:421)\r\n\tat org.testng.SuiteRunner.runSequentially(SuiteRunner.java:413)\r\n\tat org.testng.SuiteRunner.privateRun(SuiteRunner.java:373)\r\n\tat org.testng.SuiteRunner.run(SuiteRunner.java:312)\r\n\tat org.testng.SuiteRunnerWorker.runSuite(SuiteRunnerWorker.java:52)\r\n\tat org.testng.SuiteRunnerWorker.run(SuiteRunnerWorker.java:95)\r\n\tat org.testng.TestNG.runSuitesSequentially(TestNG.java:1274)\r\n\tat org.testng.TestNG.runSuitesLocally(TestNG.java:1208)\r\n\tat org.testng.TestNG.runSuites(TestNG.java:1112)\r\n\tat org.testng.TestNG.run(TestNG.java:1079)\r\n\tat com.intellij.rt.testng.IDEARemoteTestNG.run(IDEARemoteTestNG.java:65)\r\n\tat com.intellij.rt.testng.RemoteTestNGStarter.main(RemoteTestNGStarter.java:105)\r\n"},"stage":"finished","description":"This test verifies that authentication fails when an incorrect username is provided.","steps":[{"name":"❌ SoftAssert FAILED:  Status code is not 200 | Error:  Status code is not 200 did not expect [200] but found [200]","status":"passed","stage":"finished","steps":[],"attachments":[],"parameters":[],"start":1763745694491,"stop":1763745694491},{"name":"✔️ SoftAssert PASSED:  Response contains 'Bad credentials'","status":"passed","stage":"finished","steps":[],"attachments":[],"parameters":[],"start":1763745694491,"stop":1763745694491},{"name":"✔️ SoftAssert PASSED:  Response time is less than 2000ms","status":"passed","stage":"finished","steps":[],"attachments":[],"parameters":[],"start":1763745694491,"stop":1763745694491}],"attachments":[],"parameters":[{"name":"invalidPassword","value":"1234"},{"name":"password","value":"password123"},{"name":"invalidUsername","value":"test"},{"name":"username","value":"admin"}],"start":1763745693644,"stop":1763745694492}