{"uuid":"ccd240ea-19ba-4c5e-a685-e409b8c681f7","historyId":"1fc50a6c4c7a071fa6efdbedb53c4459","fullName":"Tests.DeleteTests.invalidDeleteBookingByIncorrectID","labels":[{"name":"package","value":"Tests.DeleteTests"},{"name":"testClass","value":"Tests.DeleteTests"},{"name":"testMethod","value":"invalidDeleteBookingByIncorrectID"},{"name":"parentSuite","value":"All test suites"},{"name":"suite","value":"Invalid Test Cases"},{"name":"subSuite","value":"Tests.DeleteTests"},{"name":"host","value":"oem1800"},{"name":"thread","value":"6892@oem1800.main(1)"},{"name":"framework","value":"testng"},{"name":"language","value":"java"}],"links":[],"name":"Invalid Delete Booking By Incorrect ID Test","status":"failed","statusDetails":{"known":false,"muted":false,"flaky":false,"message":"The following asserts failed:\n\tResponse time is less than 2000ms expected [true] but found [false]","trace":"java.lang.AssertionError: The following asserts failed:\n\tResponse time is less than 2000ms expected [true] but found [false]\r\n\tat org.testng.asserts.SoftAssert.assertAll(SoftAssert.java:46)\r\n\tat org.testng.asserts.SoftAssert.assertAll(SoftAssert.java:30)\r\n\tat Tests.DeleteTests.invalidDeleteBookingByIncorrectID(DeleteTests.java:58)\r\n\tat java.base/jdk.internal.reflect.DirectMethodHandleAccessor.invoke(DirectMethodHandleAccessor.java:103)\r\n\tat java.base/java.lang.reflect.Method.invoke(Method.java:580)\r\n\tat org.testng.internal.invokers.MethodInvocationHelper.invokeMethod(MethodInvocationHelper.java:141)\r\n\tat org.testng.internal.invokers.TestInvoker.invokeMethod(TestInvoker.java:687)\r\n\tat org.testng.internal.invokers.TestInvoker.invokeTestMethod(TestInvoker.java:230)\r\n\tat org.testng.internal.invokers.MethodRunner.runInSequence(MethodRunner.java:63)\r\n\tat org.testng.internal.invokers.TestInvoker$MethodInvocationAgent.invoke(TestInvoker.java:995)\r\n\tat org.testng.internal.invokers.TestInvoker.invokeTestMethods(TestInvoker.java:203)\r\n\tat org.testng.internal.invokers.TestMethodWorker.invokeTestMethods(TestMethodWorker.java:154)\r\n\tat org.testng.internal.invokers.TestMethodWorker.run(TestMethodWorker.java:134)\r\n\tat java.base/java.util.ArrayList.forEach(ArrayList.java:1596)\r\n\tat org.testng.TestRunner.privateRun(TestRunner.java:741)\r\n\tat org.testng.TestRunner.run(TestRunner.java:616)\r\n\tat org.testng.SuiteRunner.runTest(SuiteRunner.java:421)\r\n\tat org.testng.SuiteRunner.runSequentially(SuiteRunner.java:413)\r\n\tat org.testng.SuiteRunner.privateRun(SuiteRunner.java:373)\r\n\tat org.testng.SuiteRunner.run(SuiteRunner.java:312)\r\n\tat org.testng.SuiteRunnerWorker.runSuite(SuiteRunnerWorker.java:52)\r\n\tat org.testng.SuiteRunnerWorker.run(SuiteRunnerWorker.java:95)\r\n\tat org.testng.TestNG.runSuitesSequentially(TestNG.java:1274)\r\n\tat org.testng.TestNG.runSuitesLocally(TestNG.java:1208)\r\n\tat org.testng.TestNG.runSuites(TestNG.java:1112)\r\n\tat org.testng.TestNG.run(TestNG.java:1079)\r\n\tat com.intellij.rt.testng.IDEARemoteTestNG.run(IDEARemoteTestNG.java:65)\r\n\tat com.intellij.rt.testng.RemoteTestNGStarter.main(RemoteTestNGStarter.java:105)\r\n"},"stage":"finished","description":"This test verifies that deleting a booking with an incorrect ID returns appropriate error handling.","steps":[{"name":"✔️ SoftAssert PASSED: Status code is not 405","status":"passed","stage":"finished","steps":[],"attachments":[],"parameters":[],"start":1764689595092,"stop":1764689595092},{"name":"❌ SoftAssert FAILED: Response time is less than 2000ms | Error: Response time is less than 2000ms expected [true] but found [false]","status":"passed","stage":"finished","steps":[],"attachments":[],"parameters":[],"start":1764689595092,"stop":1764689595092}],"attachments":[],"parameters":[],"start":1764689592770,"stop":1764689595093}