{
  "uuid": "ce6f6349-12b4-42f1-a920-b16b48c8439d",
  "historyId": "183cade012461b65d6a27f2851a7e2fc",
  "fullName": "Tests.UpdateBookingTest.validUpdateBookingTest",
  "labels": [
    {
      "name": "package",
      "value": "Tests.UpdateBookingTest"
    },
    {
      "name": "testClass",
      "value": "Tests.UpdateBookingTest"
    },
    {
      "name": "testMethod",
      "value": "validUpdateBookingTest"
    },
    {
      "name": "parentSuite",
      "value": "Surefire suite"
    },
    {
      "name": "suite",
      "value": "Surefire test"
    },
    {
      "name": "subSuite",
      "value": "Tests.UpdateBookingTest"
    },
    {
      "name": "host",
      "value": "oem1800"
    },
    {
      "name": "thread",
      "value": "31208@oem1800.main(1)"
    },
    {
      "name": "framework",
      "value": "testng"
    },
    {
      "name": "language",
      "value": "java"
    }
  ],
  "links": [],
  "name": "Valid Update Booking Test",
  "status": "failed",
  "statusDetails": {
    "known": false,
    "muted": false,
    "flaky": false,
    "message": "The following asserts failed:\n\tExpected status code 200 expected [200] but found [405]",
    "trace": "java.lang.AssertionError: The following asserts failed:\n\tExpected status code 200 expected [200] but found [405]\r\n\tat org.testng.asserts.SoftAssert.assertAll(SoftAssert.java:46)\r\n\tat org.testng.asserts.SoftAssert.assertAll(SoftAssert.java:30)\r\n\tat Tests.UpdateBookingTest.validUpdateBookingTest(UpdateBookingTest.java:52)\r\n\tat java.base/jdk.internal.reflect.DirectMethodHandleAccessor.invoke(DirectMethodHandleAccessor.java:103)\r\n\tat java.base/java.lang.reflect.Method.invoke(Method.java:580)\r\n\tat org.testng.internal.invokers.MethodInvocationHelper.invokeMethod(MethodInvocationHelper.java:141)\r\n\tat org.testng.internal.invokers.TestInvoker.invokeMethod(TestInvoker.java:687)\r\n\tat org.testng.internal.invokers.TestInvoker.invokeTestMethod(TestInvoker.java:230)\r\n\tat org.testng.internal.invokers.MethodRunner.runInSequence(MethodRunner.java:63)\r\n\tat org.testng.internal.invokers.TestInvoker$MethodInvocationAgent.invoke(TestInvoker.java:995)\r\n\tat org.testng.internal.invokers.TestInvoker.invokeTestMethods(TestInvoker.java:203)\r\n\tat org.testng.internal.invokers.TestMethodWorker.invokeTestMethods(TestMethodWorker.java:154)\r\n\tat org.testng.internal.invokers.TestMethodWorker.run(TestMethodWorker.java:134)\r\n\tat java.base/java.util.ArrayList.forEach(ArrayList.java:1596)\r\n\tat org.testng.TestRunner.privateRun(TestRunner.java:741)\r\n\tat org.testng.TestRunner.run(TestRunner.java:616)\r\n\tat org.testng.SuiteRunner.runTest(SuiteRunner.java:421)\r\n\tat org.testng.SuiteRunner.runSequentially(SuiteRunner.java:413)\r\n\tat org.testng.SuiteRunner.privateRun(SuiteRunner.java:373)\r\n\tat org.testng.SuiteRunner.run(SuiteRunner.java:312)\r\n\tat org.testng.SuiteRunnerWorker.runSuite(SuiteRunnerWorker.java:52)\r\n\tat org.testng.SuiteRunnerWorker.run(SuiteRunnerWorker.java:95)\r\n\tat org.testng.TestNG.runSuitesSequentially(TestNG.java:1274)\r\n\tat org.testng.TestNG.runSuitesLocally(TestNG.java:1208)\r\n\tat org.testng.TestNG.runSuites(TestNG.java:1112)\r\n\tat org.testng.TestNG.run(TestNG.java:1079)\r\n\tat org.apache.maven.surefire.testng.TestNGExecutor.run(TestNGExecutor.java:155)\r\n\tat org.apache.maven.surefire.testng.TestNGDirectoryTestSuite.executeMulti(TestNGDirectoryTestSuite.java:169)\r\n\tat org.apache.maven.surefire.testng.TestNGDirectoryTestSuite.execute(TestNGDirectoryTestSuite.java:88)\r\n\tat org.apache.maven.surefire.testng.TestNGProvider.invoke(TestNGProvider.java:137)\r\n\tat org.apache.maven.surefire.booter.ForkedBooter.runSuitesInProcess(ForkedBooter.java:385)\r\n\tat org.apache.maven.surefire.booter.ForkedBooter.execute(ForkedBooter.java:162)\r\n\tat org.apache.maven.surefire.booter.ForkedBooter.run(ForkedBooter.java:507)\r\n\tat org.apache.maven.surefire.booter.ForkedBooter.main(ForkedBooter.java:495)\r\n"
  },
  "stage": "finished",
  "description": "This test verifies that a booking can be updated successfully with valid data and authentication.",
  "steps": [
    {
      "name": "❌ SoftAssert FAILED: Expected status code 200 | Error: Expected status code 200 expected [200] but found [405]",
      "status": "passed",
      "stage": "finished",
      "steps": [],
      "attachments": [],
      "parameters": [],
      "start": 1763747339214,
      "stop": 1763747339214
    },
    {
      "name": "✔️ SoftAssert PASSED: Response time is less than 2000ms",
      "status": "passed",
      "stage": "finished",
      "steps": [],
      "attachments": [],
      "parameters": [],
      "start": 1763747339214,
      "stop": 1763747339214
    }
  ],
  "attachments": [],
  "parameters": [
    {
      "name": "id",
      "value": "1"
    },
    {
      "name": "body",
      "value": "{\n    \"firstname\": \"Ahmed\",\n    \"lastname\": \"Ali\",\n    \"totalprice\": 200,\n    \"depositpaid\": false,\n    \"bookingdates\": {\n        \"checkin\": \"2025-12-01\",\n        \"checkout\": \"2025-12-15\"\n    },\n    \"additionalneeds\": \"UpdatedTest\"\n}"
    }
  ],
  "start": 1763747337176,
  "stop": 1763747339215
}