{"uuid":"cfc47e0e-0295-42ce-8961-fe03ee97833b","historyId":"2e56a5c54058746dc5e84ad5977933ef","fullName":"Tests.UpdateBookingTest.validUpdateBookingTest","labels":[{"name":"package","value":"Tests.UpdateBookingTest"},{"name":"testClass","value":"Tests.UpdateBookingTest"},{"name":"testMethod","value":"validUpdateBookingTest"},{"name":"parentSuite","value":"Default Suite"},{"name":"suite","value":"Restful-Booker-GP"},{"name":"subSuite","value":"Tests.UpdateBookingTest"},{"name":"host","value":"oem1800"},{"name":"thread","value":"20344@oem1800.main(1)"},{"name":"framework","value":"testng"},{"name":"language","value":"java"}],"links":[],"name":"Valid Update Booking Test","status":"failed","statusDetails":{"known":false,"muted":false,"flaky":false,"message":"The following asserts failed:\n\tExpected status code 200 expected [200] but found [403],\n\tResponse time is less than 2000ms expected [true] but found [false]","trace":"java.lang.AssertionError: The following asserts failed:\n\tExpected status code 200 expected [200] but found [403],\n\tResponse time is less than 2000ms expected [true] but found [false]\r\n\tat org.testng.asserts.SoftAssert.assertAll(SoftAssert.java:46)\r\n\tat org.testng.asserts.SoftAssert.assertAll(SoftAssert.java:30)\r\n\tat Tests.UpdateBookingTest.validUpdateBookingTest(UpdateBookingTest.java:43)\r\n\tat java.base/jdk.internal.reflect.DirectMethodHandleAccessor.invoke(DirectMethodHandleAccessor.java:103)\r\n\tat java.base/java.lang.reflect.Method.invoke(Method.java:580)\r\n\tat org.testng.internal.invokers.MethodInvocationHelper.invokeMethod(MethodInvocationHelper.java:141)\r\n\tat org.testng.internal.invokers.TestInvoker.invokeMethod(TestInvoker.java:687)\r\n\tat org.testng.internal.invokers.TestInvoker.invokeTestMethod(TestInvoker.java:230)\r\n\tat org.testng.internal.invokers.MethodRunner.runInSequence(MethodRunner.java:63)\r\n\tat org.testng.internal.invokers.TestInvoker$MethodInvocationAgent.invoke(TestInvoker.java:995)\r\n\tat org.testng.internal.invokers.TestInvoker.invokeTestMethods(TestInvoker.java:203)\r\n\tat org.testng.internal.invokers.TestMethodWorker.invokeTestMethods(TestMethodWorker.java:154)\r\n\tat org.testng.internal.invokers.TestMethodWorker.run(TestMethodWorker.java:134)\r\n\tat java.base/java.util.ArrayList.forEach(ArrayList.java:1596)\r\n\tat org.testng.TestRunner.privateRun(TestRunner.java:741)\r\n\tat org.testng.TestRunner.run(TestRunner.java:616)\r\n\tat org.testng.SuiteRunner.runTest(SuiteRunner.java:421)\r\n\tat org.testng.SuiteRunner.runSequentially(SuiteRunner.java:413)\r\n\tat org.testng.SuiteRunner.privateRun(SuiteRunner.java:373)\r\n\tat org.testng.SuiteRunner.run(SuiteRunner.java:312)\r\n\tat org.testng.SuiteRunnerWorker.runSuite(SuiteRunnerWorker.java:52)\r\n\tat org.testng.SuiteRunnerWorker.run(SuiteRunnerWorker.java:95)\r\n\tat org.testng.TestNG.runSuitesSequentially(TestNG.java:1274)\r\n\tat org.testng.TestNG.runSuitesLocally(TestNG.java:1208)\r\n\tat org.testng.TestNG.runSuites(TestNG.java:1112)\r\n\tat org.testng.TestNG.run(TestNG.java:1079)\r\n\tat com.intellij.rt.testng.IDEARemoteTestNG.run(IDEARemoteTestNG.java:65)\r\n\tat com.intellij.rt.testng.RemoteTestNGStarter.main(RemoteTestNGStarter.java:105)\r\n"},"stage":"finished","description":"This test verifies that a booking can be updated successfully with valid data and authentication.","steps":[{"name":"❌ SoftAssert FAILED: Expected status code 200 | Error: Expected status code 200 expected [200] but found [403]","status":"passed","stage":"finished","steps":[],"attachments":[],"parameters":[],"start":1764690243889,"stop":1764690243893},{"name":"❌ SoftAssert FAILED: Response time is less than 2000ms | Error: Response time is less than 2000ms expected [true] but found [false]","status":"passed","stage":"finished","steps":[],"attachments":[],"parameters":[],"start":1764690243894,"stop":1764690243894}],"attachments":[],"parameters":[],"start":1764690241121,"stop":1764690243903}