{"uuid":"e531acdc-86da-45fd-8aa7-6c9cf6d27f05","historyId":"8814b18d1b5fbdf97f61369c69529401","fullName":"Tests.PartialUpdateBookingTest.validPartialUpdateBooking","labels":[{"name":"package","value":"Tests.PartialUpdateBookingTest"},{"name":"testClass","value":"Tests.PartialUpdateBookingTest"},{"name":"testMethod","value":"validPartialUpdateBooking"},{"name":"parentSuite","value":"All test suites"},{"name":"suite","value":"Valid Test Cases"},{"name":"subSuite","value":"Tests.PartialUpdateBookingTest"},{"name":"host","value":"oem1800"},{"name":"thread","value":"6892@oem1800.main(1)"},{"name":"framework","value":"testng"},{"name":"language","value":"java"}],"links":[],"name":"Valid Partial Update Booking Test","status":"failed","statusDetails":{"known":false,"muted":false,"flaky":false,"message":"The following asserts failed:\n\tResponse time is less than 2000ms expected [true] but found [false]","trace":"java.lang.AssertionError: The following asserts failed:\n\tResponse time is less than 2000ms expected [true] but found [false]\r\n\tat org.testng.asserts.SoftAssert.assertAll(SoftAssert.java:46)\r\n\tat org.testng.asserts.SoftAssert.assertAll(SoftAssert.java:30)\r\n\tat Tests.PartialUpdateBookingTest.validPartialUpdateBooking(PartialUpdateBookingTest.java:48)\r\n\tat java.base/jdk.internal.reflect.DirectMethodHandleAccessor.invoke(DirectMethodHandleAccessor.java:103)\r\n\tat java.base/java.lang.reflect.Method.invoke(Method.java:580)\r\n\tat org.testng.internal.invokers.MethodInvocationHelper.invokeMethod(MethodInvocationHelper.java:141)\r\n\tat org.testng.internal.invokers.TestInvoker.invokeMethod(TestInvoker.java:687)\r\n\tat org.testng.internal.invokers.TestInvoker.invokeTestMethod(TestInvoker.java:230)\r\n\tat org.testng.internal.invokers.MethodRunner.runInSequence(MethodRunner.java:63)\r\n\tat org.testng.internal.invokers.TestInvoker$MethodInvocationAgent.invoke(TestInvoker.java:995)\r\n\tat org.testng.internal.invokers.TestInvoker.invokeTestMethods(TestInvoker.java:203)\r\n\tat org.testng.internal.invokers.TestMethodWorker.invokeTestMethods(TestMethodWorker.java:154)\r\n\tat org.testng.internal.invokers.TestMethodWorker.run(TestMethodWorker.java:134)\r\n\tat java.base/java.util.ArrayList.forEach(ArrayList.java:1596)\r\n\tat org.testng.TestRunner.privateRun(TestRunner.java:741)\r\n\tat org.testng.TestRunner.run(TestRunner.java:616)\r\n\tat org.testng.SuiteRunner.runTest(SuiteRunner.java:421)\r\n\tat org.testng.SuiteRunner.runSequentially(SuiteRunner.java:413)\r\n\tat org.testng.SuiteRunner.privateRun(SuiteRunner.java:373)\r\n\tat org.testng.SuiteRunner.run(SuiteRunner.java:312)\r\n\tat org.testng.SuiteRunnerWorker.runSuite(SuiteRunnerWorker.java:52)\r\n\tat org.testng.SuiteRunnerWorker.run(SuiteRunnerWorker.java:95)\r\n\tat org.testng.TestNG.runSuitesSequentially(TestNG.java:1274)\r\n\tat org.testng.TestNG.runSuitesLocally(TestNG.java:1208)\r\n\tat org.testng.TestNG.runSuites(TestNG.java:1112)\r\n\tat org.testng.TestNG.run(TestNG.java:1079)\r\n\tat com.intellij.rt.testng.IDEARemoteTestNG.run(IDEARemoteTestNG.java:65)\r\n\tat com.intellij.rt.testng.RemoteTestNGStarter.main(RemoteTestNGStarter.java:105)\r\n"},"stage":"finished","description":"This test verifies that a booking is successfully partially updated when valid data is provided.","steps":[{"name":"✔️ SoftAssert PASSED: Status code is 200","status":"passed","stage":"finished","steps":[],"attachments":[],"parameters":[],"start":1764689576306,"stop":1764689576306},{"name":"✔️ SoftAssert PASSED: First name is updated correctly","status":"passed","stage":"finished","steps":[],"attachments":[],"parameters":[],"start":1764689576306,"stop":1764689576306},{"name":"✔️ SoftAssert PASSED: Last name is updated correctly","status":"passed","stage":"finished","steps":[],"attachments":[],"parameters":[],"start":1764689576306,"stop":1764689576306},{"name":"❌ SoftAssert FAILED: Response time is less than 2000ms | Error: Response time is less than 2000ms expected [true] but found [false]","status":"passed","stage":"finished","steps":[],"attachments":[],"parameters":[],"start":1764689576307,"stop":1764689576307}],"attachments":[],"parameters":[],"start":1764689569139,"stop":1764689576307}